
Nov 10, 2017 08:37:46.92 NEW SESSION
Nov 10, 2017 08:37:46.92 [TmFFExt2] observe.profile-after-change
Nov 10, 2017 08:37:46.92 [TmFFExt2] observe.http-on-modify-request: TmFFExt2 is initialized
Nov 10, 2017 08:37:46.99 [TmFFExt2] observe.toplevel-window-ready: readConfig
Nov 10, 2017 08:37:50.73 [TmFFExt2] observe.quit-application
Nov 10, 2017 08:38:10.39 [TmFFExt2] observe.profile-after-change
Nov 10, 2017 08:38:10.40 [TmFFExt2] observe.http-on-modify-request: TmFFExt2 is initialized
Nov 10, 2017 08:38:10.50 [TmFFExt2] observe.toplevel-window-ready: readConfig
Nov 10, 2017 19:17:55.17 [TmFFExt2] observe.quit-application

Nov 14, 2017 10:06:21.56 NEW SESSION
Nov 14, 2017 10:06:21.56 [TmFFExt2] observe.profile-after-change
Nov 14, 2017 10:06:21.66 [TmFFExt2] observe.http-on-modify-request: TmFFExt2 is initialized
Nov 14, 2017 10:06:21.95 [TmFFExt2] observe.toplevel-window-ready: readConfig
Nov 14, 2017 10:46:23.15 [TmFFExt2] observe.quit-application
Nov 14, 2017 10:46:29.73 [TmFFExt2] observe.profile-after-change
Nov 14, 2017 10:46:29.74 [TmFFExt2] observe.http-on-modify-request: TmFFExt2 is initialized
Nov 14, 2017 10:46:29.85 [TmFFExt2] observe.toplevel-window-ready: readConfig
Nov 14, 2017 10:46:36.76 [TmFFExt2] observe.quit-application
Nov 14, 2017 10:50:26.62 [TmFFExt2] observe.profile-after-change
Nov 14, 2017 10:50:26.65 [TmFFExt2] observe.http-on-modify-request: TmFFExt2 is initialized
Nov 14, 2017 10:50:26.75 [TmFFExt2] observe.toplevel-window-ready: readConfig
Nov 14, 2017 10:58:34.56 [TmFFExt2] observe.quit-application
Nov 14, 2017 11:26:05.78 [TmFFExt2] observe.profile-after-change
Nov 14, 2017 11:26:05.79 [TmFFExt2] observe.http-on-modify-request: TmFFExt2 is initialized
Nov 14, 2017 11:26:05.88 [TmFFExt2] observe.toplevel-window-ready: readConfig
Nov 14, 2017 11:56:30.27 [TmFFExt2] observe.toplevel-window-ready: readConfig
Nov 14, 2017 11:56:31.55 [TmFFExt2] observe.quit-application
Nov 14, 2017 13:58:50.71 [TmFFExt2] observe.profile-after-change
Nov 14, 2017 13:58:50.71 [TmFFExt2] observe.http-on-modify-request: TmFFExt2 is initialized
Nov 14, 2017 13:58:50.78 [TmFFExt2] observe.toplevel-window-ready: readConfig
Nov 14, 2017 13:59:48.90 [TmFFExt2] observe.quit-application
Nov 14, 2017 14:14:11.57 [TmFFExt2] observe.profile-after-change
Nov 14, 2017 14:14:11.58 [TmFFExt2] observe.http-on-modify-request: TmFFExt2 is initialized
Nov 14, 2017 14:14:11.64 [TmFFExt2] observe.toplevel-window-ready: readConfig
Nov 14, 2017 16:46:09.48 [TmFFExt2] observe.quit-application

Nov 18, 2017 11:59:48.94 NEW SESSION
Nov 18, 2017 11:59:48.94 [TmFFExt2] observe.profile-after-change
Nov 18, 2017 11:59:48.95 [TmFFExt2] observe.http-on-modify-request: TmFFExt2 is initialized
Nov 18, 2017 11:59:49.00 [TmFFExt2] observe.toplevel-window-ready: readConfig
Nov 18, 2017 13:28:57.24 [TmFFExt2] observe.toplevel-window-ready: readConfig
Nov 18, 2017 13:28:59.23 [TmFFExt2] observe.quit-application
Nov 18, 2017 14:21:29.50 [TmFFExt2] observe.profile-after-change
Nov 18, 2017 14:21:29.51 [TmFFExt2] observe.http-on-modify-request: TmFFExt2 is initialized
Nov 18, 2017 14:21:29.62 [TmFFExt2] observe.toplevel-window-ready: readConfig
Nov 18, 2017 15:42:17.55 [TmFFExt2] observe.quit-application
